{"contracts/Greenhouse.sol":{"l":{"33":1,"34":1,"35":1,"36":1,"37":1,"41":1,"68":1,"69":1,"70":1,"71":1,"72":1,"73":1,"75":1,"76":1,"77":1,"81":1,"83":1,"85":1,"86":1,"91":0},"path":"/home/j-mars/astral-dao/sprout/packages/hardhat/contracts/Greenhouse.sol","s":{"1":1,"2":1,"3":1,"4":1,"5":1,"6":1,"7":1,"8":1,"9":1,"10":1,"11":1,"12":1,"13":1,"14":1,"15":1,"16":1,"17":1,"18":1,"19":0},"b":{"1":[1,0],"2":[1,0],"3":[1,0],"4":[1,0],"5":[1,0],"6":[1,0],"7":[1,0],"8":[1,0],"9":[1,0]},"f":{"1":1,"2":1,"3":1,"4":0},"fnMap":{"1":{"name":"initialize","line":32,"loc":{"start":{"line":32,"column":4},"end":{"line":38,"column":4}}},"2":{"name":"sproutsLength","line":40,"loc":{"start":{"line":40,"column":4},"end":{"line":42,"column":4}}},"3":{"name":"germinate","line":54,"loc":{"start":{"line":54,"column":4},"end":{"line":87,"column":4}}},"4":{"name":"getImplementationType","line":89,"loc":{"start":{"line":89,"column":4},"end":{"line":92,"column":4}}}},"statementMap":{"1":{"start":{"line":33,"column":8},"end":{"line":33,"column":84}},"2":{"start":{"line":34,"column":8},"end":{"line":34,"column":95}},"3":{"start":{"line":35,"column":8},"end":{"line":35,"column":31}},"4":{"start":{"line":36,"column":8},"end":{"line":36,"column":25}},"5":{"start":{"line":37,"column":8},"end":{"line":37,"column":19}},"6":{"start":{"line":41,"column":8},"end":{"line":41,"column":29}},"7":{"start":{"line":68,"column":8},"end":{"line":68,"column":74}},"8":{"start":{"line":69,"column":8},"end":{"line":69,"column":77}},"9":{"start":{"line":70,"column":8},"end":{"line":70,"column":65}},"10":{"start":{"line":71,"column":8},"end":{"line":71,"column":67}},"11":{"start":{"line":72,"column":8},"end":{"line":72,"column":78}},"12":{"start":{"line":73,"column":8},"end":{"line":73,"column":85}},"13":{"start":{"line":75,"column":8},"end":{"line":75,"column":62}},"14":{"start":{"line":76,"column":8},"end":{"line":76,"column":115}},"15":{"start":{"line":81,"column":8},"end":{"line":81,"column":144}},"16":{"start":{"line":83,"column":8},"end":{"line":83,"column":222}},"17":{"start":{"line":85,"column":8},"end":{"line":85,"column":27}},"18":{"start":{"line":86,"column":8},"end":{"line":86,"column":34}},"19":{"start":{"line":91,"column":8},"end":{"line":91,"column":16}}},"branchMap":{"1":{"line":33,"type":"if","locations":[{"start":{"line":33,"column":8},"end":{"line":33,"column":8}},{"start":{"line":33,"column":8},"end":{"line":33,"column":8}}]},"2":{"line":34,"type":"if","locations":[{"start":{"line":34,"column":8},"end":{"line":34,"column":8}},{"start":{"line":34,"column":8},"end":{"line":34,"column":8}}]},"3":{"line":68,"type":"if","locations":[{"start":{"line":68,"column":8},"end":{"line":68,"column":8}},{"start":{"line":68,"column":8},"end":{"line":68,"column":8}}]},"4":{"line":69,"type":"if","locations":[{"start":{"line":69,"column":8},"end":{"line":69,"column":8}},{"start":{"line":69,"column":8},"end":{"line":69,"column":8}}]},"5":{"line":70,"type":"if","locations":[{"start":{"line":70,"column":8},"end":{"line":70,"column":8}},{"start":{"line":70,"column":8},"end":{"line":70,"column":8}}]},"6":{"line":71,"type":"if","locations":[{"start":{"line":71,"column":8},"end":{"line":71,"column":8}},{"start":{"line":71,"column":8},"end":{"line":71,"column":8}}]},"7":{"line":72,"type":"if","locations":[{"start":{"line":72,"column":8},"end":{"line":72,"column":8}},{"start":{"line":72,"column":8},"end":{"line":72,"column":8}}]},"8":{"line":73,"type":"if","locations":[{"start":{"line":73,"column":8},"end":{"line":73,"column":8}},{"start":{"line":73,"column":8},"end":{"line":73,"column":8}}]},"9":{"line":83,"type":"if","locations":[{"start":{"line":83,"column":8},"end":{"line":83,"column":8}},{"start":{"line":83,"column":8},"end":{"line":83,"column":8}}]}}},"contracts/GreenhouseControler.sol":{"l":{"25":3,"26":3,"27":3,"32":0,"33":0,"37":0,"38":0,"42":0,"43":0,"44":0,"48":0,"49":0,"53":2,"57":2},"path":"/home/j-mars/astral-dao/sprout/packages/hardhat/contracts/GreenhouseControler.sol","s":{"1":3,"2":3,"3":3,"4":0,"5":0,"6":0,"7":0,"8":0,"9":0,"10":0,"11":0,"12":0,"13":2,"14":2},"b":{"1":[3,0],"2":[0,0]},"f":{"1":3,"2":0,"3":0,"4":0,"5":0,"6":2,"7":2},"fnMap":{"1":{"name":"constructor","line":24,"loc":{"start":{"line":24,"column":4},"end":{"line":28,"column":4}}},"2":{"name":"updateSproutLogic","line":31,"loc":{"start":{"line":31,"column":4},"end":{"line":34,"column":4}}},"3":{"name":"updateCurrentAdmin","line":36,"loc":{"start":{"line":36,"column":4},"end":{"line":39,"column":4}}},"4":{"name":"updateProxySprout","line":41,"loc":{"start":{"line":41,"column":4},"end":{"line":45,"column":4}}},"5":{"name":"setAdminForProxy","line":47,"loc":{"start":{"line":47,"column":4},"end":{"line":50,"column":4}}},"6":{"name":"getLogicForSprout","line":52,"loc":{"start":{"line":52,"column":4},"end":{"line":54,"column":4}}},"7":{"name":"getCurrentAdmin","line":56,"loc":{"start":{"line":56,"column":4},"end":{"line":58,"column":4}}}},"statementMap":{"1":{"start":{"line":25,"column":8},"end":{"line":25,"column":95}},"2":{"start":{"line":26,"column":8},"end":{"line":26,"column":35}},"3":{"start":{"line":27,"column":8},"end":{"line":27,"column":33}},"4":{"start":{"line":32,"column":8},"end":{"line":32,"column":27}},"5":{"start":{"line":33,"column":8},"end":{"line":33,"column":35}},"6":{"start":{"line":37,"column":8},"end":{"line":37,"column":31}},"7":{"start":{"line":38,"column":8},"end":{"line":38,"column":32}},"8":{"start":{"line":42,"column":8},"end":{"line":42,"column":170}},"9":{"start":{"line":43,"column":8},"end":{"line":43,"column":44}},"10":{"start":{"line":44,"column":8},"end":{"line":44,"column":45}},"11":{"start":{"line":48,"column":8},"end":{"line":48,"column":47}},"12":{"start":{"line":49,"column":8},"end":{"line":49,"column":46}},"13":{"start":{"line":53,"column":8},"end":{"line":53,"column":26}},"14":{"start":{"line":57,"column":8},"end":{"line":57,"column":27}}},"branchMap":{"1":{"line":25,"type":"if","locations":[{"start":{"line":25,"column":8},"end":{"line":25,"column":8}},{"start":{"line":25,"column":8},"end":{"line":25,"column":8}}]},"2":{"line":42,"type":"if","locations":[{"start":{"line":42,"column":8},"end":{"line":42,"column":8}},{"start":{"line":42,"column":8},"end":{"line":42,"column":8}}]}}},"contracts/interfaces/IGreenhouse.sol":{"l":{},"path":"/home/j-mars/astral-dao/sprout/packages/hardhat/contracts/interfaces/IGreenhouse.sol","s":{},"b":{},"f":{},"fnMap":{},"statementMap":{},"branchMap":{}},"contracts/interfaces/IGreenhouseController.sol":{"l":{},"path":"/home/j-mars/astral-dao/sprout/packages/hardhat/contracts/interfaces/IGreenhouseController.sol","s":{},"b":{},"f":{},"fnMap":{},"statementMap":{},"branchMap":{}},"contracts/interfaces/IGreenhouseImplementation.sol":{"l":{},"path":"/home/j-mars/astral-dao/sprout/packages/hardhat/contracts/interfaces/IGreenhouseImplementation.sol","s":{},"b":{},"f":{},"fnMap":{},"statementMap":{},"branchMap":{}},"contracts/interfaces/IProxy.sol":{"l":{},"path":"/home/j-mars/astral-dao/sprout/packages/hardhat/contracts/interfaces/IProxy.sol","s":{},"b":{},"f":{},"fnMap":{},"statementMap":{},"branchMap":{}},"contracts/interfaces/ISprout.sol":{"l":{},"path":"/home/j-mars/astral-dao/sprout/packages/hardhat/contracts/interfaces/ISprout.sol","s":{},"b":{},"f":{},"fnMap":{},"statementMap":{},"branchMap":{}},"contracts/proxy/GreenhouseProxy.sol":{"l":{},"path":"/home/j-mars/astral-dao/sprout/packages/hardhat/contracts/proxy/GreenhouseProxy.sol","s":{},"b":{},"f":{"1":3},"fnMap":{"1":{"name":"constructor","line":7,"loc":{"start":{"line":7,"column":4},"end":{"line":8,"column":4}}}},"statementMap":{},"branchMap":{}},"contracts/proxy/SproutProxy.sol":{"l":{},"path":"/home/j-mars/astral-dao/sprout/packages/hardhat/contracts/proxy/SproutProxy.sol","s":{},"b":{},"f":{"1":1},"fnMap":{"1":{"name":"constructor","line":7,"loc":{"start":{"line":7,"column":4},"end":{"line":8,"column":4}}}},"statementMap":{},"branchMap":{}},"contracts/proxy/TransparentUpgradeableProxy.sol":{"l":{"24":23,"56":0,"64":23,"72":0,"93":4,"112":25,"114":25,"125":2,"126":2,"133":2,"134":2,"136":2,"139":2,"172":4,"173":4,"192":2,"193":2,"195":0,"209":0,"213":2,"214":2,"215":2,"217":0,"218":0,"232":0,"243":0,"244":0,"245":0,"254":0,"265":0,"267":0,"268":0,"275":2,"277":2,"286":6,"287":6,"290":6},"path":"/home/j-mars/astral-dao/sprout/packages/hardhat/contracts/proxy/TransparentUpgradeableProxy.sol","s":{"1":0,"2":23,"3":4,"4":25,"5":2,"6":2,"7":2,"8":2,"9":2,"10":4,"11":4,"12":2,"13":0,"14":0,"15":2,"16":2,"17":2,"18":0,"19":0,"20":0,"21":0,"22":0,"23":0,"24":0,"25":0,"26":0,"27":0,"28":2,"29":6,"30":6},"b":{"1":[2,0],"2":[4,0],"3":[2,0],"4":[0,2],"5":[0,0],"6":[0,0],"7":[0,0],"8":[6,0]},"f":{"1":23,"2":0,"3":23,"4":4,"5":25,"6":2,"7":2,"8":4,"9":2,"10":0,"11":2,"12":0,"13":0,"14":0,"15":0,"16":2,"17":6},"fnMap":{"1":{"name":"_delegate","line":22,"loc":{"start":{"line":22,"column":4},"end":{"line":42,"column":4}}},"2":{"name":"_fallback","line":55,"loc":{"start":{"line":55,"column":4},"end":{"line":57,"column":4}}},"3":{"name":null,"line":63,"loc":{"start":{"line":63,"column":4},"end":{"line":65,"column":4}}},"4":{"name":"constructor","line":92,"loc":{"start":{"line":92,"column":4},"end":{"line":94,"column":4}}},"5":{"name":"_implementation","line":111,"loc":{"start":{"line":111,"column":4},"end":{"line":117,"column":4}}},"6":{"name":"_upgradeTo","line":124,"loc":{"start":{"line":124,"column":4},"end":{"line":127,"column":4}}},"7":{"name":"_setImplementation","line":132,"loc":{"start":{"line":132,"column":4},"end":{"line":142,"column":4}}},"8":{"name":"constructor","line":171,"loc":{"start":{"line":171,"column":4},"end":{"line":174,"column":4}}},"9":{"name":"ifAdmin","line":191,"loc":{"start":{"line":191,"column":4},"end":{"line":197,"column":4}}},"10":{"name":"admin","line":208,"loc":{"start":{"line":208,"column":4},"end":{"line":210,"column":4}}},"11":{"name":"initialize","line":212,"loc":{"start":{"line":212,"column":4},"end":{"line":220,"column":4}}},"12":{"name":"implementation","line":231,"loc":{"start":{"line":231,"column":4},"end":{"line":233,"column":4}}},"13":{"name":"changeAdmin","line":242,"loc":{"start":{"line":242,"column":4},"end":{"line":246,"column":4}}},"14":{"name":"upgradeTo","line":253,"loc":{"start":{"line":253,"column":4},"end":{"line":255,"column":4}}},"15":{"name":"upgradeToAndCall","line":264,"loc":{"start":{"line":264,"column":4},"end":{"line":269,"column":4}}},"16":{"name":"_admin","line":274,"loc":{"start":{"line":274,"column":4},"end":{"line":280,"column":4}}},"17":{"name":"_setAdmin","line":285,"loc":{"start":{"line":285,"column":4},"end":{"line":293,"column":4}}}},"statementMap":{"1":{"start":{"line":56,"column":8},"end":{"line":56,"column":35}},"2":{"start":{"line":64,"column":8},"end":{"line":64,"column":35}},"3":{"start":{"line":93,"column":8},"end":{"line":93,"column":102}},"4":{"start":{"line":112,"column":8},"end":{"line":112,"column":43}},"5":{"start":{"line":125,"column":8},"end":{"line":125,"column":44}},"6":{"start":{"line":126,"column":8},"end":{"line":126,"column":40}},"7":{"start":{"line":133,"column":8},"end":{"line":133,"column":50}},"8":{"start":{"line":134,"column":8},"end":{"line":134,"column":113}},"9":{"start":{"line":136,"column":8},"end":{"line":136,"column":43}},"10":{"start":{"line":172,"column":8},"end":{"line":172,"column":105}},"11":{"start":{"line":173,"column":8},"end":{"line":173,"column":28}},"12":{"start":{"line":192,"column":8},"end":{"line":192,"column":8061}},"13":{"start":{"line":195,"column":12},"end":{"line":195,"column":22}},"14":{"start":{"line":209,"column":8},"end":{"line":209,"column":23}},"15":{"start":{"line":213,"column":8},"end":{"line":213,"column":37}},"16":{"start":{"line":214,"column":8},"end":{"line":214,"column":24}},"17":{"start":{"line":215,"column":8},"end":{"line":215,"column":8895}},"18":{"start":{"line":217,"column":12},"end":{"line":217,"column":67}},"19":{"start":{"line":218,"column":12},"end":{"line":218,"column":27}},"20":{"start":{"line":232,"column":8},"end":{"line":232,"column":32}},"21":{"start":{"line":243,"column":8},"end":{"line":243,"column":77}},"22":{"start":{"line":244,"column":8},"end":{"line":244,"column":45}},"23":{"start":{"line":245,"column":8},"end":{"line":245,"column":26}},"24":{"start":{"line":254,"column":8},"end":{"line":254,"column":36}},"25":{"start":{"line":265,"column":8},"end":{"line":265,"column":36}},"26":{"start":{"line":267,"column":8},"end":{"line":267,"column":62}},"27":{"start":{"line":268,"column":8},"end":{"line":268,"column":23}},"28":{"start":{"line":275,"column":8},"end":{"line":275,"column":34}},"29":{"start":{"line":286,"column":8},"end":{"line":286,"column":34}},"30":{"start":{"line":287,"column":8},"end":{"line":287,"column":83}}},"branchMap":{"1":{"line":134,"type":"if","locations":[{"start":{"line":134,"column":8},"end":{"line":134,"column":8}},{"start":{"line":134,"column":8},"end":{"line":134,"column":8}}]},"2":{"line":172,"type":"if","locations":[{"start":{"line":172,"column":8},"end":{"line":172,"column":8}},{"start":{"line":172,"column":8},"end":{"line":172,"column":8}}]},"3":{"line":192,"type":"if","locations":[{"start":{"line":192,"column":8},"end":{"line":192,"column":8}},{"start":{"line":192,"column":8},"end":{"line":192,"column":8}}]},"4":{"line":215,"type":"if","locations":[{"start":{"line":215,"column":8},"end":{"line":215,"column":8}},{"start":{"line":215,"column":8},"end":{"line":215,"column":8}}]},"5":{"line":218,"type":"if","locations":[{"start":{"line":218,"column":12},"end":{"line":218,"column":12}},{"start":{"line":218,"column":12},"end":{"line":218,"column":12}}]},"6":{"line":243,"type":"if","locations":[{"start":{"line":243,"column":8},"end":{"line":243,"column":8}},{"start":{"line":243,"column":8},"end":{"line":243,"column":8}}]},"7":{"line":268,"type":"if","locations":[{"start":{"line":268,"column":8},"end":{"line":268,"column":8}},{"start":{"line":268,"column":8},"end":{"line":268,"column":8}}]},"8":{"line":287,"type":"if","locations":[{"start":{"line":287,"column":8},"end":{"line":287,"column":8}},{"start":{"line":287,"column":8},"end":{"line":287,"column":8}}]}}},"contracts/Sprout.sol":{"l":{"49":1,"50":1,"51":1,"52":1,"56":1,"84":1,"86":1,"87":1,"88":1,"89":1,"90":1,"91":1,"92":1,"93":1,"94":1,"95":1,"97":1,"100":1,"101":1,"103":1,"104":1,"105":1,"112":0,"113":0,"122":0,"123":0,"125":0,"141":1,"142":1,"148":1,"149":1,"150":1,"154":1,"159":1,"160":1,"166":1,"168":1,"170":1,"172":10,"174":10,"175":10,"176":10,"177":10,"181":1,"183":1,"192":0,"193":0,"197":0,"202":0,"203":0,"204":0,"206":0,"207":0,"212":0,"214":0,"218":0,"224":0,"226":0,"228":0,"232":0,"239":0,"240":0,"241":0,"242":0,"244":0,"246":0,"262":0,"263":0,"264":0,"268":0,"273":0,"274":0,"279":0,"280":0,"281":0,"283":0,"289":0,"290":0,"306":0,"309":0,"311":0,"325":0,"326":0,"342":0,"344":0,"348":0,"357":0,"371":0,"373":0,"375":0,"377":0,"391":0,"407":2,"415":1,"423":1,"432":0,"440":0,"442":0,"444":0,"452":2,"460":2,"468":1,"477":0,"485":1,"493":1,"501":2,"509":0,"517":0,"525":0,"535":0,"540":1},"path":"/home/j-mars/astral-dao/sprout/packages/hardhat/contracts/Sprout.sol","s":{"1":1,"2":1,"3":1,"4":1,"5":1,"6":1,"7":1,"8":1,"9":1,"10":1,"11":1,"12":1,"13":1,"14":1,"15":1,"16":1,"17":1,"18":1,"19":1,"20":1,"21":1,"22":0,"23":0,"24":0,"25":0,"26":0,"27":1,"28":1,"29":1,"30":1,"31":1,"32":1,"33":1,"34":1,"35":1,"36":1,"37":1,"38":10,"39":10,"40":10,"41":10,"42":10,"43":1,"44":1,"45":0,"46":0,"47":0,"48":0,"49":0,"50":0,"51":0,"52":0,"53":0,"54":0,"55":0,"56":0,"57":0,"58":0,"59":0,"60":0,"61":0,"62":0,"63":0,"64":0,"65":0,"66":0,"67":0,"68":0,"69":0,"70":0,"71":0,"72":0,"73":0,"74":0,"75":0,"76":0,"77":0,"78":0,"79":0,"80":0,"81":0,"82":0,"83":0,"84":0,"85":0,"86":0,"87":0,"88":0,"89":0,"90":0,"91":2,"92":1,"93":1,"94":0,"95":0,"96":0,"97":0,"98":2,"99":2,"100":1,"101":0,"102":1,"103":1,"104":2,"105":0,"106":0,"107":0,"108":0,"109":1},"b":{"1":[1,0],"2":[1,0],"3":[0,0],"4":[0,0],"5":[0,0],"6":[1,0],"7":[1,0],"8":[1,0],"9":[1,0],"10":[1,0],"11":[1,0],"12":[1,0],"13":[0,0],"14":[0,0],"15":[0,0],"16":[0,0],"17":[0,0],"18":[0,0],"19":[0,0],"20":[0,0],"21":[0,0],"22":[0,0],"23":[0,0],"24":[0,0],"25":[0,0],"26":[0,0]},"f":{"1":1,"2":1,"3":1,"4":0,"5":0,"6":1,"7":0,"8":0,"9":0,"10":0,"11":0,"12":0,"13":0,"14":0,"15":0,"16":2,"17":1,"18":1,"19":0,"20":0,"21":2,"22":2,"23":1,"24":0,"25":1,"26":1,"27":2,"28":0,"29":0,"30":0,"31":0,"32":1},"fnMap":{"1":{"name":"lock","line":48,"loc":{"start":{"line":48,"column":4},"end":{"line":53,"column":4}}},"2":{"name":"isLocked","line":55,"loc":{"start":{"line":55,"column":4},"end":{"line":57,"column":4}}},"3":{"name":"initialize","line":70,"loc":{"start":{"line":70,"column":4},"end":{"line":106,"column":4}}},"4":{"name":"registerBondIssuerRole","line":111,"loc":{"start":{"line":111,"column":4},"end":{"line":114,"column":4}}},"5":{"name":"changeLoopLimit","line":121,"loc":{"start":{"line":121,"column":4},"end":{"line":126,"column":4}}},"6":{"name":"issueBond","line":139,"loc":{"start":{"line":135,"column":4},"end":{"line":184,"column":4}}},"7":{"name":"redeemCoupons","line":191,"loc":{"start":{"line":191,"column":4},"end":{"line":248,"column":4}}},"8":{"name":"transfer","line":260,"loc":{"start":{"line":257,"column":4},"end":{"line":286,"column":4}}},"9":{"name":"onlyOracle","line":288,"loc":{"start":{"line":288,"column":4},"end":{"line":291,"column":4}}},"10":{"name":"updateTotalOwed","line":297,"loc":{"start":{"line":297,"column":4},"end":{"line":313,"column":4}}},"11":{"name":"getMoney","line":324,"loc":{"start":{"line":324,"column":4},"end":{"line":327,"column":4}}},"12":{"name":"getLastTimeRedeemed","line":336,"loc":{"start":{"line":336,"column":4},"end":{"line":349,"column":4}}},"13":{"name":"getBondOwner","line":356,"loc":{"start":{"line":356,"column":4},"end":{"line":358,"column":4}}},"14":{"name":"getRemainingCoupons","line":365,"loc":{"start":{"line":365,"column":4},"end":{"line":378,"column":4}}},"15":{"name":"getCouponsRedeemed","line":385,"loc":{"start":{"line":385,"column":4},"end":{"line":392,"column":4}}},"16":{"name":"getTimesToRedeem","line":406,"loc":{"start":{"line":406,"column":4},"end":{"line":408,"column":4}}},"17":{"name":"getLoopLimit","line":414,"loc":{"start":{"line":414,"column":4},"end":{"line":416,"column":4}}},"18":{"name":"getTerm","line":422,"loc":{"start":{"line":422,"column":4},"end":{"line":424,"column":4}}},"19":{"name":"getMaturity","line":431,"loc":{"start":{"line":431,"column":4},"end":{"line":433,"column":4}}},"20":{"name":"getSimpleInterest","line":439,"loc":{"start":{"line":439,"column":4},"end":{"line":445,"column":4}}},"21":{"name":"getCouponRate","line":451,"loc":{"start":{"line":451,"column":4},"end":{"line":453,"column":4}}},"22":{"name":"getParValue","line":459,"loc":{"start":{"line":459,"column":4},"end":{"line":461,"column":4}}},"23":{"name":"getCap","line":467,"loc":{"start":{"line":467,"column":4},"end":{"line":469,"column":4}}},"24":{"name":"getBalance","line":476,"loc":{"start":{"line":476,"column":4},"end":{"line":478,"column":4}}},"25":{"name":"getParDecimals","line":484,"loc":{"start":{"line":484,"column":4},"end":{"line":486,"column":4}}},"26":{"name":"getName","line":492,"loc":{"start":{"line":492,"column":4},"end":{"line":494,"column":4}}},"27":{"name":"getTotalDebt","line":500,"loc":{"start":{"line":500,"column":4},"end":{"line":502,"column":4}}},"28":{"name":"getTotalOwed","line":508,"loc":{"start":{"line":508,"column":4},"end":{"line":510,"column":4}}},"29":{"name":"getTotalBonds","line":516,"loc":{"start":{"line":516,"column":4},"end":{"line":518,"column":4}}},"30":{"name":"getNonce","line":524,"loc":{"start":{"line":524,"column":4},"end":{"line":526,"column":4}}},"31":{"name":"getCouponThreshold","line":534,"loc":{"start":{"line":534,"column":4},"end":{"line":536,"column":4}}},"32":{"name":"getImplementationType","line":538,"loc":{"start":{"line":538,"column":4},"end":{"line":541,"column":4}}}},"statementMap":{"1":{"start":{"line":49,"column":8},"end":{"line":49,"column":47}},"2":{"start":{"line":50,"column":8},"end":{"line":50,"column":19}},"3":{"start":{"line":52,"column":8},"end":{"line":52,"column":19}},"4":{"start":{"line":56,"column":8},"end":{"line":56,"column":23}},"5":{"start":{"line":84,"column":8},"end":{"line":84,"column":57}},"6":{"start":{"line":86,"column":8},"end":{"line":86,"column":25}},"7":{"start":{"line":87,"column":8},"end":{"line":87,"column":19}},"8":{"start":{"line":88,"column":8},"end":{"line":88,"column":22}},"9":{"start":{"line":89,"column":8},"end":{"line":89,"column":33}},"10":{"start":{"line":90,"column":8},"end":{"line":90,"column":27}},"11":{"start":{"line":91,"column":8},"end":{"line":91,"column":19}},"12":{"start":{"line":92,"column":8},"end":{"line":92,"column":17}},"13":{"start":{"line":93,"column":8},"end":{"line":93,"column":37}},"14":{"start":{"line":94,"column":8},"end":{"line":94,"column":29}},"15":{"start":{"line":95,"column":8},"end":{"line":95,"column":41}},"16":{"start":{"line":97,"column":8},"end":{"line":97,"column":48}},"17":{"start":{"line":100,"column":8},"end":{"line":100,"column":51}},"18":{"start":{"line":101,"column":8},"end":{"line":101,"column":44}},"19":{"start":{"line":103,"column":8},"end":{"line":103,"column":25}},"20":{"start":{"line":104,"column":8},"end":{"line":104,"column":19}},"21":{"start":{"line":105,"column":8},"end":{"line":105,"column":19}},"22":{"start":{"line":112,"column":8},"end":{"line":112,"column":99}},"23":{"start":{"line":113,"column":8},"end":{"line":113,"column":44}},"24":{"start":{"line":122,"column":8},"end":{"line":122,"column":102}},"25":{"start":{"line":123,"column":8},"end":{"line":123,"column":69}},"26":{"start":{"line":125,"column":8},"end":{"line":125,"column":29}},"27":{"start":{"line":141,"column":8},"end":{"line":141,"column":88}},"28":{"start":{"line":142,"column":8},"end":{"line":142,"column":4443}},"29":{"start":{"line":148,"column":8},"end":{"line":148,"column":126}},"30":{"start":{"line":149,"column":8},"end":{"line":149,"column":66}},"31":{"start":{"line":150,"column":8},"end":{"line":150,"column":4852}},"32":{"start":{"line":154,"column":8},"end":{"line":154,"column":4970}},"33":{"start":{"line":159,"column":8},"end":{"line":159,"column":5110}},"34":{"start":{"line":160,"column":12},"end":{"line":160,"column":5141}},"35":{"start":{"line":166,"column":8},"end":{"line":166,"column":50}},"36":{"start":{"line":168,"column":8},"end":{"line":168,"column":38}},"37":{"start":{"line":170,"column":8},"end":{"line":170,"column":5404}},"38":{"start":{"line":172,"column":12},"end":{"line":172,"column":47}},"39":{"start":{"line":174,"column":12},"end":{"line":174,"column":51}},"40":{"start":{"line":175,"column":12},"end":{"line":175,"column":38}},"41":{"start":{"line":176,"column":12},"end":{"line":176,"column":44}},"42":{"start":{"line":177,"column":12},"end":{"line":177,"column":68}},"43":{"start":{"line":181,"column":8},"end":{"line":181,"column":38}},"44":{"start":{"line":183,"column":8},"end":{"line":183,"column":45}},"45":{"start":{"line":192,"column":8},"end":{"line":192,"column":69}},"46":{"start":{"line":193,"column":8},"end":{"line":193,"column":6385}},"47":{"start":{"line":197,"column":8},"end":{"line":197,"column":6536}},"48":{"start":{"line":202,"column":8},"end":{"line":202,"column":29}},"49":{"start":{"line":203,"column":8},"end":{"line":203,"column":41}},"50":{"start":{"line":204,"column":8},"end":{"line":204,"column":28}},"51":{"start":{"line":206,"column":8},"end":{"line":206,"column":6830}},"52":{"start":{"line":207,"column":12},"end":{"line":207,"column":6902}},"53":{"start":{"line":212,"column":12},"end":{"line":212,"column":54}},"54":{"start":{"line":214,"column":12},"end":{"line":214,"column":7102}},"55":{"start":{"line":218,"column":12},"end":{"line":218,"column":7243}},"56":{"start":{"line":224,"column":12},"end":{"line":224,"column":75}},"57":{"start":{"line":226,"column":12},"end":{"line":226,"column":39}},"58":{"start":{"line":228,"column":12},"end":{"line":228,"column":7564}},"59":{"start":{"line":232,"column":12},"end":{"line":232,"column":7678}},"60":{"start":{"line":239,"column":12},"end":{"line":239,"column":7867}},"61":{"start":{"line":240,"column":16},"end":{"line":240,"column":44}},"62":{"start":{"line":241,"column":16},"end":{"line":241,"column":40}},"63":{"start":{"line":244,"column":16},"end":{"line":244,"column":68}},"64":{"start":{"line":246,"column":12},"end":{"line":246,"column":55}},"65":{"start":{"line":262,"column":8},"end":{"line":262,"column":69}},"66":{"start":{"line":263,"column":8},"end":{"line":263,"column":72}},"67":{"start":{"line":264,"column":8},"end":{"line":264,"column":8720}},"68":{"start":{"line":268,"column":8},"end":{"line":268,"column":8871}},"69":{"start":{"line":273,"column":8},"end":{"line":273,"column":9060}},"70":{"start":{"line":274,"column":12},"end":{"line":274,"column":9132}},"71":{"start":{"line":279,"column":12},"end":{"line":279,"column":38}},"72":{"start":{"line":280,"column":12},"end":{"line":280,"column":67}},"73":{"start":{"line":281,"column":12},"end":{"line":281,"column":63}},"74":{"start":{"line":283,"column":12},"end":{"line":283,"column":65}},"75":{"start":{"line":289,"column":8},"end":{"line":289,"column":92}},"76":{"start":{"line":306,"column":8},"end":{"line":306,"column":38}},"77":{"start":{"line":309,"column":8},"end":{"line":309,"column":97}},"78":{"start":{"line":311,"column":8},"end":{"line":311,"column":40}},"79":{"start":{"line":325,"column":8},"end":{"line":325,"column":32}},"80":{"start":{"line":326,"column":8},"end":{"line":326,"column":40}},"81":{"start":{"line":342,"column":8},"end":{"line":342,"column":54}},"82":{"start":{"line":344,"column":8},"end":{"line":344,"column":11346}},"83":{"start":{"line":348,"column":8},"end":{"line":348,"column":36}},"84":{"start":{"line":357,"column":8},"end":{"line":357,"column":26}},"85":{"start":{"line":371,"column":8},"end":{"line":371,"column":42}},"86":{"start":{"line":373,"column":8},"end":{"line":373,"column":42}},"87":{"start":{"line":373,"column":33},"end":{"line":373,"column":42}},"88":{"start":{"line":375,"column":8},"end":{"line":375,"column":51}},"89":{"start":{"line":377,"column":8},"end":{"line":377,"column":47}},"90":{"start":{"line":391,"column":8},"end":{"line":391,"column":36}},"91":{"start":{"line":407,"column":8},"end":{"line":407,"column":28}},"92":{"start":{"line":415,"column":8},"end":{"line":415,"column":24}},"93":{"start":{"line":423,"column":8},"end":{"line":423,"column":19}},"94":{"start":{"line":432,"column":8},"end":{"line":432,"column":31}},"95":{"start":{"line":440,"column":8},"end":{"line":440,"column":38}},"96":{"start":{"line":442,"column":8},"end":{"line":442,"column":35}},"97":{"start":{"line":444,"column":8},"end":{"line":444,"column":37}},"98":{"start":{"line":452,"column":8},"end":{"line":452,"column":25}},"99":{"start":{"line":460,"column":8},"end":{"line":460,"column":23}},"100":{"start":{"line":468,"column":8},"end":{"line":468,"column":18}},"101":{"start":{"line":477,"column":8},"end":{"line":477,"column":31}},"102":{"start":{"line":485,"column":8},"end":{"line":485,"column":26}},"103":{"start":{"line":493,"column":8},"end":{"line":493,"column":19}},"104":{"start":{"line":501,"column":8},"end":{"line":501,"column":24}},"105":{"start":{"line":509,"column":8},"end":{"line":509,"column":24}},"106":{"start":{"line":517,"column":8},"end":{"line":517,"column":26}},"107":{"start":{"line":525,"column":8},"end":{"line":525,"column":20}},"108":{"start":{"line":535,"column":8},"end":{"line":535,"column":30}},"109":{"start":{"line":540,"column":8},"end":{"line":540,"column":16}}},"branchMap":{"1":{"line":49,"type":"if","locations":[{"start":{"line":49,"column":8},"end":{"line":49,"column":8}},{"start":{"line":49,"column":8},"end":{"line":49,"column":8}}]},"2":{"line":84,"type":"if","locations":[{"start":{"line":84,"column":8},"end":{"line":84,"column":8}},{"start":{"line":84,"column":8},"end":{"line":84,"column":8}}]},"3":{"line":112,"type":"if","locations":[{"start":{"line":112,"column":8},"end":{"line":112,"column":8}},{"start":{"line":112,"column":8},"end":{"line":112,"column":8}}]},"4":{"line":122,"type":"if","locations":[{"start":{"line":122,"column":8},"end":{"line":122,"column":8}},{"start":{"line":122,"column":8},"end":{"line":122,"column":8}}]},"5":{"line":123,"type":"if","locations":[{"start":{"line":123,"column":8},"end":{"line":123,"column":8}},{"start":{"line":123,"column":8},"end":{"line":123,"column":8}}]},"6":{"line":141,"type":"if","locations":[{"start":{"line":141,"column":8},"end":{"line":141,"column":8}},{"start":{"line":141,"column":8},"end":{"line":141,"column":8}}]},"7":{"line":148,"type":"if","locations":[{"start":{"line":148,"column":8},"end":{"line":148,"column":8}},{"start":{"line":148,"column":8},"end":{"line":148,"column":8}}]},"8":{"line":149,"type":"if","locations":[{"start":{"line":149,"column":8},"end":{"line":149,"column":8}},{"start":{"line":149,"column":8},"end":{"line":149,"column":8}}]},"9":{"line":150,"type":"if","locations":[{"start":{"line":150,"column":8},"end":{"line":150,"column":8}},{"start":{"line":150,"column":8},"end":{"line":150,"column":8}}]},"10":{"line":154,"type":"if","locations":[{"start":{"line":154,"column":8},"end":{"line":154,"column":8}},{"start":{"line":154,"column":8},"end":{"line":154,"column":8}}]},"11":{"line":159,"type":"if","locations":[{"start":{"line":159,"column":8},"end":{"line":159,"column":8}},{"start":{"line":159,"column":8},"end":{"line":159,"column":8}}]},"12":{"line":160,"type":"if","locations":[{"start":{"line":160,"column":12},"end":{"line":160,"column":12}},{"start":{"line":160,"column":12},"end":{"line":160,"column":12}}]},"13":{"line":192,"type":"if","locations":[{"start":{"line":192,"column":8},"end":{"line":192,"column":8}},{"start":{"line":192,"column":8},"end":{"line":192,"column":8}}]},"14":{"line":193,"type":"if","locations":[{"start":{"line":193,"column":8},"end":{"line":193,"column":8}},{"start":{"line":193,"column":8},"end":{"line":193,"column":8}}]},"15":{"line":197,"type":"if","locations":[{"start":{"line":197,"column":8},"end":{"line":197,"column":8}},{"start":{"line":197,"column":8},"end":{"line":197,"column":8}}]},"16":{"line":207,"type":"if","locations":[{"start":{"line":207,"column":12},"end":{"line":207,"column":12}},{"start":{"line":207,"column":12},"end":{"line":207,"column":12}}]},"17":{"line":218,"type":"if","locations":[{"start":{"line":218,"column":12},"end":{"line":218,"column":12}},{"start":{"line":218,"column":12},"end":{"line":218,"column":12}}]},"18":{"line":226,"type":"if","locations":[{"start":{"line":226,"column":12},"end":{"line":226,"column":12}},{"start":{"line":226,"column":12},"end":{"line":226,"column":12}}]},"19":{"line":239,"type":"if","locations":[{"start":{"line":239,"column":12},"end":{"line":239,"column":12}},{"start":{"line":239,"column":12},"end":{"line":239,"column":12}}]},"20":{"line":262,"type":"if","locations":[{"start":{"line":262,"column":8},"end":{"line":262,"column":8}},{"start":{"line":262,"column":8},"end":{"line":262,"column":8}}]},"21":{"line":263,"type":"if","locations":[{"start":{"line":263,"column":8},"end":{"line":263,"column":8}},{"start":{"line":263,"column":8},"end":{"line":263,"column":8}}]},"22":{"line":264,"type":"if","locations":[{"start":{"line":264,"column":8},"end":{"line":264,"column":8}},{"start":{"line":264,"column":8},"end":{"line":264,"column":8}}]},"23":{"line":268,"type":"if","locations":[{"start":{"line":268,"column":8},"end":{"line":268,"column":8}},{"start":{"line":268,"column":8},"end":{"line":268,"column":8}}]},"24":{"line":274,"type":"if","locations":[{"start":{"line":274,"column":12},"end":{"line":274,"column":12}},{"start":{"line":274,"column":12},"end":{"line":274,"column":12}}]},"25":{"line":289,"type":"if","locations":[{"start":{"line":289,"column":8},"end":{"line":289,"column":8}},{"start":{"line":289,"column":8},"end":{"line":289,"column":8}}]},"26":{"line":373,"type":"if","locations":[{"start":{"line":373,"column":8},"end":{"line":373,"column":8}},{"start":{"line":373,"column":8},"end":{"line":373,"column":8}}]}}}}